This is pdfTeX, Version 3.141592653-2.6-1.40.28 (TeX Live 2025) (preloaded format=pdflatex 2025.10.10)  23 OCT 2025 21:59
entering extended mode
 restricted \write18 enabled.
 %&-line parsing enabled.
**skeleton-2.tex
(./skeleton-2.tex
LaTeX2e <2025-06-01> patch level 1
L3 programming layer <2025-09-02>
(./ouparticle.cls
Document Class: ouparticle 2009/12/09 v1.0
(/Users/sauravsathnarayan/Library/TinyTeX/texmf-dist/tex/latex/base/article.cls
Document Class: article 2025/01/22 v1.4n Standard LaTeX document class
(/Users/sauravsathnarayan/Library/TinyTeX/texmf-dist/tex/latex/base/size12.clo
File: size12.clo 2025/01/22 v1.4n Standard LaTeX file (size option)
)
\c@part=\count275
\c@section=\count276
\c@subsection=\count277
\c@subsubsection=\count278
\c@paragraph=\count279
\c@subparagraph=\count280
\c@figure=\count281
\c@table=\count282
\abovecaptionskip=\skip49
\belowcaptionskip=\skip50
\bibindent=\dimen148
) (/Users/sauravsathnarayan/Library/TinyTeX/texmf-dist/tex/latex/amsmath/amsmath.sty
Package: amsmath 2025/06/16 v2.17y AMS math features
\@mathmargin=\skip51
For additional information on amsmath, use the `?' option.
(/Users/sauravsathnarayan/Library/TinyTeX/texmf-dist/tex/latex/amsmath/amstext.sty
Package: amstext 2024/11/17 v2.01 AMS text
(/Users/sauravsathnarayan/Library/TinyTeX/texmf-dist/tex/latex/amsmath/amsgen.sty
File: amsgen.sty 1999/11/30 v2.0 generic functions
\@emptytoks=\toks17
\ex@=\dimen149
)) (/Users/sauravsathnarayan/Library/TinyTeX/texmf-dist/tex/latex/amsmath/amsbsy.sty
Package: amsbsy 1999/11/29 v1.2d Bold Symbols
\pmbraise@=\dimen150
) (/Users/sauravsathnarayan/Library/TinyTeX/texmf-dist/tex/latex/amsmath/amsopn.sty
Package: amsopn 2022/04/08 v2.04 operator names
)
\inf@bad=\count283
LaTeX Info: Redefining \frac on input line 233.
\uproot@=\count284
\leftroot@=\count285
LaTeX Info: Redefining \overline on input line 398.
LaTeX Info: Redefining \colon on input line 409.
\classnum@=\count286
\DOTSCASE@=\count287
LaTeX Info: Redefining \ldots on input line 495.
LaTeX Info: Redefining \dots on input line 498.
LaTeX Info: Redefining \cdots on input line 619.
\Mathstrutbox@=\box53
\strutbox@=\box54
LaTeX Info: Redefining \big on input line 721.
LaTeX Info: Redefining \Big on input line 722.
LaTeX Info: Redefining \bigg on input line 723.
LaTeX Info: Redefining \Bigg on input line 724.
\big@size=\dimen151
LaTeX Font Info:    Redeclaring font encoding OML on input line 742.
LaTeX Font Info:    Redeclaring font encoding OMS on input line 743.
\macc@depth=\count288
LaTeX Info: Redefining \bmod on input line 904.
LaTeX Info: Redefining \pmod on input line 909.
LaTeX Info: Redefining \smash on input line 939.
LaTeX Info: Redefining \relbar on input line 969.
LaTeX Info: Redefining \Relbar on input line 970.
\c@MaxMatrixCols=\count289
\dotsspace@=\muskip17
\c@parentequation=\count290
\dspbrk@lvl=\count291
\tag@help=\toks18
\row@=\count292
\column@=\count293
\maxfields@=\count294
\andhelp@=\toks19
\eqnshift@=\dimen152
\alignsep@=\dimen153
\tagshift@=\dimen154
\tagwidth@=\dimen155
\totwidth@=\dimen156
\lineht@=\dimen157
\@envbody=\toks20
\multlinegap=\skip52
\multlinetaggap=\skip53
\mathdisplay@stack=\toks21
LaTeX Info: Redefining \[ on input line 2949.
LaTeX Info: Redefining \] on input line 2950.
) (/Users/sauravsathnarayan/Library/TinyTeX/texmf-dist/tex/latex/amsfonts/amssymb.sty
Package: amssymb 2013/01/14 v3.01 AMS font symbols
(/Users/sauravsathnarayan/Library/TinyTeX/texmf-dist/tex/latex/amsfonts/amsfonts.sty
Package: amsfonts 2013/01/14 v3.01 Basic AMSFonts support
\symAMSa=\mathgroup4
\symAMSb=\mathgroup5
LaTeX Font Info:    Redeclaring math symbol \hbar on input line 98.
LaTeX Font Info:    Overwriting math alphabet `\mathfrak' in version `bold'
(Font)                  U/euf/m/n --> U/euf/b/n on input line 106.
)) (/Users/sauravsathnarayan/Library/TinyTeX/texmf-dist/tex/latex/tools/verbatim.sty
Package: verbatim 2024-01-22 v1.5x LaTeX2e package for verbatim enhancements
\every@verbatim=\toks22
\verbatim@line=\toks23
\verbatim@in@stream=\read2
) (/Users/sauravsathnarayan/Library/TinyTeX/texmf-dist/tex/latex/graphics/graphicx.sty
Package: graphicx 2024/12/31 v1.2e Enhanced LaTeX Graphics (DPC,SPQR)
(/Users/sauravsathnarayan/Library/TinyTeX/texmf-dist/tex/latex/graphics/keyval.sty
Package: keyval 2022/05/29 v1.15 key=value parser (DPC)
\KV@toks@=\toks24
) (/Users/sauravsathnarayan/Library/TinyTeX/texmf-dist/tex/latex/graphics/graphics.sty
Package: graphics 2024/08/06 v1.4g Standard LaTeX Graphics (DPC,SPQR)
(/Users/sauravsathnarayan/Library/TinyTeX/texmf-dist/tex/latex/graphics/trig.sty
Package: trig 2023/12/02 v1.11 sin cos tan (DPC)
) (/Users/sauravsathnarayan/Library/TinyTeX/texmf-dist/tex/latex/graphics-cfg/graphics.cfg
File: graphics.cfg 2016/06/04 v1.11 sample graphics configuration
)
Package graphics Info: Driver file: pdftex.def on input line 106.
(/Users/sauravsathnarayan/Library/TinyTeX/texmf-dist/tex/latex/graphics-def/pdftex.def
File: pdftex.def 2025/09/29 v1.2d Graphics/color driver for pdftex
))
\Gin@req@height=\dimen158
\Gin@req@width=\dimen159
) (/Users/sauravsathnarayan/Library/TinyTeX/texmf-dist/tex/latex/setspace/setspace.sty
Package: setspace 2022/12/04 v6.7b set line spacing
) (/Users/sauravsathnarayan/Library/TinyTeX/texmf-dist/tex/latex/endnotes/endnotes.sty
Package: endnotes 2020-01-02 endnotes package
\c@endnote=\count295
\endnotesep=\dimen160
\@enotes=\write3
) (/Users/sauravsathnarayan/Library/TinyTeX/texmf-dist/tex/latex/geometry/geometry.sty
Package: geometry 2020/01/02 v5.9 Page Geometry
(/Users/sauravsathnarayan/Library/TinyTeX/texmf-dist/tex/generic/iftex/ifvtex.sty
Package: ifvtex 2019/10/25 v1.7 ifvtex legacy package. Use iftex instead.
(/Users/sauravsathnarayan/Library/TinyTeX/texmf-dist/tex/generic/iftex/iftex.sty
Package: iftex 2024/12/12 v1.0g TeX engine tests
))
\Gm@cnth=\count296
\Gm@cntv=\count297
\c@Gm@tempcnt=\count298
\Gm@bindingoffset=\dimen161
\Gm@wd@mp=\dimen162
\Gm@odd@mp=\dimen163
\Gm@even@mp=\dimen164
\Gm@layoutwidth=\dimen165
\Gm@layoutheight=\dimen166
\Gm@layouthoffset=\dimen167
\Gm@layoutvoffset=\dimen168
\Gm@dimlist=\toks25
) (/Users/sauravsathnarayan/Library/TinyTeX/texmf-dist/tex/latex/tools/xspace.sty
Package: xspace 2014/10/28 v1.13 Space after command names (DPC,MH)
) (/Users/sauravsathnarayan/Library/TinyTeX/texmf-dist/tex/latex/amsmath/amscd.sty
Package: amscd 2017/04/14 v2.1 AMS Commutative Diagrams
\athelp@=\toks26
\minaw@=\dimen169
\bigaw@=\dimen170
\minCDarrowwidth=\dimen171
) (/Users/sauravsathnarayan/Library/TinyTeX/texmf-dist/tex/latex/graphics/rotating.sty
Package: rotating 2025/01/14 v2.16e rotated objects in LaTeX
(/Users/sauravsathnarayan/Library/TinyTeX/texmf-dist/tex/latex/base/ifthen.sty
Package: ifthen 2024/03/16 v1.1e Standard LaTeX ifthen package (DPC)
)
\c@r@tfl@t=\count299
\rotFPtop=\skip54
\rotFPbot=\skip55
\rot@float@box=\box55
\rot@mess@toks=\toks27
) (/Users/sauravsathnarayan/Library/TinyTeX/texmf-dist/tex/latex/base/latexsym.sty
Package: latexsym 1998/08/17 v2.2e Standard LaTeX package (lasy symbols)
\symlasy=\mathgroup6
LaTeX Font Info:    Overwriting symbol font `lasy' in version `bold'
(Font)                  U/lasy/m/n --> U/lasy/b/n on input line 52.
) (/Users/sauravsathnarayan/Library/TinyTeX/texmf-dist/tex/latex/tools/multicol.sty
Package: multicol 2025/05/25 v2.0a multicolumn formatting (FMi)
\c@tracingmulticols=\count300
\mult@box=\box56
\multicol@leftmargin=\dimen172
\c@unbalance=\count301
\c@collectmore=\count302
\doublecol@number=\count303
\multicoltolerance=\count304
\multicolpretolerance=\count305
\full@width=\dimen173
\page@free=\dimen174
\premulticols=\dimen175
\postmulticols=\dimen176
\multicolsep=\skip56
\multicolbaselineskip=\skip57
\partial@page=\box57
\last@line=\box58
\mc@boxedresult=\box59
\maxbalancingoverflow=\dimen177
\mult@rightbox=\box60
\mult@grightbox=\box61
\mult@firstbox=\box62
\mult@gfirstbox=\box63
\@tempa=\box64
\@tempa=\box65
\@tempa=\box66
\@tempa=\box67
\@tempa=\box68
\@tempa=\box69
\@tempa=\box70
\@tempa=\box71
\@tempa=\box72
\@tempa=\box73
\@tempa=\box74
\@tempa=\box75
\@tempa=\box76
\@tempa=\box77
\@tempa=\box78
\@tempa=\box79
\@tempa=\box80
\@tempa=\box81
\@tempa=\box82
\@tempa=\box83
\@tempa=\box84
\@tempa=\box85
\@tempa=\box86
\@tempa=\box87
\@tempa=\box88
\@tempa=\box89
\@tempa=\box90
\@tempa=\box91
\@tempa=\box92
\@tempa=\box93
\@tempa=\box94
\@tempa=\box95
\@tempa=\box96
\@tempa=\box97
\@tempa=\box98
\@tempa=\box99
\c@minrows=\count306
\c@columnbadness=\count307
\c@finalcolumnbadness=\count308
\last@try=\dimen178
\multicolovershoot=\dimen179
\multicolundershoot=\dimen180
\mult@nat@firstbox=\box100
\colbreak@box=\box101
\mc@col@check@num=\count309
\g__mc_curr_col_int=\count310
) (/Users/sauravsathnarayan/Library/TinyTeX/texmf-dist/tex/latex/tools/array.sty
Package: array 2025/06/08 v2.6j Tabular extension package (FMi)
\col@sep=\dimen181
\ar@mcellbox=\box102
\extrarowheight=\dimen182
\NC@list=\toks28
\extratabsurround=\skip58
\backup@length=\skip59
\ar@cellbox=\box103
) (/Users/sauravsathnarayan/Library/TinyTeX/texmf-dist/tex/latex/algorithms/algorithm.sty
Package: algorithm 2009/08/24 v0.1 Document Style `algorithm' - floating environment
(/Users/sauravsathnarayan/Library/TinyTeX/texmf-dist/tex/latex/float/float.sty
Package: float 2001/11/08 v1.3d Float enhancements (AL)
\c@float@type=\count311
\float@exts=\toks29
\float@box=\box104
\@float@everytoks=\toks30
\@floatcapt=\box105
)
\@float@every@algorithm=\toks31
\c@algorithm=\count312
) (/Users/sauravsathnarayan/Library/TinyTeX/texmf-dist/tex/latex/subfigure/subfigure.sty
Package: subfigure 2002/03/15 v2.1.5 subfigure package
\subfigtopskip=\skip60
\subfigcapskip=\skip61
\subfigcaptopadj=\dimen183
\subfigbottomskip=\skip62
\subfigcapmargin=\dimen184
\subfiglabelskip=\skip63
\c@subfigure=\count313
\c@lofdepth=\count314
\c@subtable=\count315
\c@lotdepth=\count316
****************************************
* Local config file subfigure.cfg used *
****************************************
(/Users/sauravsathnarayan/Library/TinyTeX/texmf-dist/tex/latex/subfigure/subfigure.cfg)
\subfig@top=\skip64
\subfig@bottom=\skip65
) (/Users/sauravsathnarayan/Library/TinyTeX/texmf-dist/tex/latex/url/url.sty
\Urlmuskip=\muskip18
Package: url 2013/09/16  ver 3.4  Verb mode for urls, etc.
)) (/Users/sauravsathnarayan/Library/TinyTeX/texmf-dist/tex/latex/hyperref/hyperref.sty
Package: hyperref 2025-07-12 v7.01o Hypertext links for LaTeX
(/Users/sauravsathnarayan/Library/TinyTeX/texmf-dist/tex/latex/kvsetkeys/kvsetkeys.sty
Package: kvsetkeys 2022-10-05 v1.19 Key value parser (HO)
) (/Users/sauravsathnarayan/Library/TinyTeX/texmf-dist/tex/generic/kvdefinekeys/kvdefinekeys.sty
Package: kvdefinekeys 2019-12-19 v1.6 Define keys (HO)
) (/Users/sauravsathnarayan/Library/TinyTeX/texmf-dist/tex/generic/pdfescape/pdfescape.sty
Package: pdfescape 2019/12/09 v1.15 Implements pdfTeX's escape features (HO)
(/Users/sauravsathnarayan/Library/TinyTeX/texmf-dist/tex/generic/ltxcmds/ltxcmds.sty
Package: ltxcmds 2023-12-04 v1.26 LaTeX kernel commands for general use (HO)
) (/Users/sauravsathnarayan/Library/TinyTeX/texmf-dist/tex/generic/pdftexcmds/pdftexcmds.sty
Package: pdftexcmds 2020-06-27 v0.33 Utility functions of pdfTeX for LuaTeX (HO)
(/Users/sauravsathnarayan/Library/TinyTeX/texmf-dist/tex/generic/infwarerr/infwarerr.sty
Package: infwarerr 2019/12/03 v1.5 Providing info/warning/error messages (HO)
)
Package pdftexcmds Info: \pdf@primitive is available.
Package pdftexcmds Info: \pdf@ifprimitive is available.
Package pdftexcmds Info: \pdfdraftmode found.
)) (/Users/sauravsathnarayan/Library/TinyTeX/texmf-dist/tex/latex/hycolor/hycolor.sty
Package: hycolor 2020-01-27 v1.10 Color options for hyperref/bookmark (HO)
) (/Users/sauravsathnarayan/Library/TinyTeX/texmf-dist/tex/latex/hyperref/nameref.sty
Package: nameref 2025-06-21 v2.57 Cross-referencing by name of section
(/Users/sauravsathnarayan/Library/TinyTeX/texmf-dist/tex/latex/refcount/refcount.sty
Package: refcount 2019/12/15 v3.6 Data extraction from label references (HO)
) (/Users/sauravsathnarayan/Library/TinyTeX/texmf-dist/tex/generic/gettitlestring/gettitlestring.sty
Package: gettitlestring 2019/12/15 v1.6 Cleanup title references (HO)
(/Users/sauravsathnarayan/Library/TinyTeX/texmf-dist/tex/latex/kvoptions/kvoptions.sty
Package: kvoptions 2022-06-15 v3.15 Key value format for package options (HO)
))
\c@section@level=\count317
) (/Users/sauravsathnarayan/Library/TinyTeX/texmf-dist/tex/latex/etoolbox/etoolbox.sty
Package: etoolbox 2025/10/02 v2.5m e-TeX tools for LaTeX (JAW)
\etb@tempcnta=\count318
) (/Users/sauravsathnarayan/Library/TinyTeX/texmf-dist/tex/generic/stringenc/stringenc.sty
Package: stringenc 2019/11/29 v1.12 Convert strings between diff. encodings (HO)
)
\@linkdim=\dimen185
\Hy@linkcounter=\count319
\Hy@pagecounter=\count320
(/Users/sauravsathnarayan/Library/TinyTeX/texmf-dist/tex/latex/hyperref/pd1enc.def
File: pd1enc.def 2025-07-12 v7.01o Hyperref: PDFDocEncoding definition (HO)
Now handling font encoding PD1 ...
... no UTF-8 mapping file for font encoding PD1
) (/Users/sauravsathnarayan/Library/TinyTeX/texmf-dist/tex/generic/intcalc/intcalc.sty
Package: intcalc 2019/12/15 v1.3 Expandable calculations with integers (HO)
)
\Hy@SavedSpaceFactor=\count321
(/Users/sauravsathnarayan/Library/TinyTeX/texmf-dist/tex/latex/hyperref/puenc.def
File: puenc.def 2025-07-12 v7.01o Hyperref: PDF Unicode definition (HO)
Now handling font encoding PU ...
... no UTF-8 mapping file for font encoding PU
)
Package hyperref Info: Hyper figures OFF on input line 4195.
Package hyperref Info: Link nesting OFF on input line 4200.
Package hyperref Info: Hyper index ON on input line 4203.
Package hyperref Info: Plain pages OFF on input line 4210.
Package hyperref Info: Backreferencing OFF on input line 4215.
Package hyperref Info: Implicit mode ON; LaTeX internals redefined.
Package hyperref Info: Bookmarks ON on input line 4462.
\c@Hy@tempcnt=\count322
LaTeX Info: Redefining \url on input line 4801.
\XeTeXLinkMargin=\dimen186
(/Users/sauravsathnarayan/Library/TinyTeX/texmf-dist/tex/generic/bitset/bitset.sty
Package: bitset 2019/12/09 v1.3 Handle bit-vector datatype (HO)
(/Users/sauravsathnarayan/Library/TinyTeX/texmf-dist/tex/generic/bigintcalc/bigintcalc.sty
Package: bigintcalc 2019/12/15 v1.5 Expandable calculations on big integers (HO)
))
\Fld@menulength=\count323
\Field@Width=\dimen187
\Fld@charsize=\dimen188
Package hyperref Info: Hyper figures OFF on input line 6078.
Package hyperref Info: Link nesting OFF on input line 6083.
Package hyperref Info: Hyper index ON on input line 6086.
Package hyperref Info: backreferencing OFF on input line 6093.
Package hyperref Info: Link coloring OFF on input line 6098.
Package hyperref Info: Link coloring with OCG OFF on input line 6103.
Package hyperref Info: PDF/A mode OFF on input line 6108.
\Hy@abspage=\count324
\c@Item=\count325
\c@Hfootnote=\count326
)
Package hyperref Info: Driver (autodetected): hpdftex.
(/Users/sauravsathnarayan/Library/TinyTeX/texmf-dist/tex/latex/hyperref/hpdftex.def
File: hpdftex.def 2025-07-12 v7.01o Hyperref driver for pdfTeX
\Fld@listcount=\count327
\c@bookmark@seq@number=\count328
(/Users/sauravsathnarayan/Library/TinyTeX/texmf-dist/tex/latex/rerunfilecheck/rerunfilecheck.sty
Package: rerunfilecheck 2025-06-21 v1.11 Rerun checks for auxiliary files (HO)
(/Users/sauravsathnarayan/Library/TinyTeX/texmf-dist/tex/generic/uniquecounter/uniquecounter.sty
Package: uniquecounter 2019/12/15 v1.4 Provide unlimited unique counter (HO)
)
Package uniquecounter Info: New unique counter `rerunfilecheck' on input line 284.
)
\Hy@SectionHShift=\skip66
) (/Users/sauravsathnarayan/Library/TinyTeX/texmf-dist/tex/latex/listings/listings.sty
\lst@mode=\count329
\lst@gtempboxa=\box106
\lst@token=\toks32
\lst@length=\count330
\lst@currlwidth=\dimen189
\lst@column=\count331
\lst@pos=\count332
\lst@lostspace=\dimen190
\lst@width=\dimen191
\lst@newlines=\count333
\lst@lineno=\count334
\lst@maxwidth=\dimen192
(/Users/sauravsathnarayan/Library/TinyTeX/texmf-dist/tex/latex/listings/lstpatch.sty
File: lstpatch.sty 2024/09/23 1.10c (Carsten Heinz)
) (/Users/sauravsathnarayan/Library/TinyTeX/texmf-dist/tex/latex/listings/lstmisc.sty
File: lstmisc.sty 2024/09/23 1.10c (Carsten Heinz)
\c@lstnumber=\count335
\lst@skipnumbers=\count336
\lst@framebox=\box107
) (/Users/sauravsathnarayan/Library/TinyTeX/texmf-dist/tex/latex/listings/listings.cfg
File: listings.cfg 2024/09/23 1.10c listings configuration
))
Package: listings 2024/09/23 1.10c (Carsten Heinz)
(/Users/sauravsathnarayan/Library/TinyTeX/texmf-dist/tex/latex/xcolor/xcolor.sty
Package: xcolor 2024/09/29 v3.02 LaTeX color extensions (UK)
(/Users/sauravsathnarayan/Library/TinyTeX/texmf-dist/tex/latex/graphics-cfg/color.cfg
File: color.cfg 2016/01/02 v1.6 sample color configuration
)
Package xcolor Info: Driver file: pdftex.def on input line 274.
(/Users/sauravsathnarayan/Library/TinyTeX/texmf-dist/tex/latex/graphics/mathcolor.ltx)
Package xcolor Info: Model `cmy' substituted by `cmy0' on input line 1349.
Package xcolor Info: Model `hsb' substituted by `rgb' on input line 1353.
Package xcolor Info: Model `RGB' extended on input line 1365.
Package xcolor Info: Model `HTML' substituted by `rgb' on input line 1367.
Package xcolor Info: Model `Hsb' substituted by `hsb' on input line 1368.
Package xcolor Info: Model `tHsb' substituted by `hsb' on input line 1369.
Package xcolor Info: Model `HSB' substituted by `hsb' on input line 1370.
Package xcolor Info: Model `Gray' substituted by `gray' on input line 1371.
Package xcolor Info: Model `wave' substituted by `hsb' on input line 1372.
) (/Users/sauravsathnarayan/Library/TinyTeX/texmf-dist/tex/latex/fancyvrb/fancyvrb.sty
Package: fancyvrb 2025/07/28 4.6 verbatim text (tvz,hv)
\FV@CodeLineNo=\count337
\FV@InFile=\read3
\FV@TabBox=\box108
\c@FancyVerbLine=\count338
\FV@StepNumber=\count339
\FV@OutFile=\write4
) (/Users/sauravsathnarayan/Library/TinyTeX/texmf-dist/tex/latex/framed/framed.sty
Package: framed 2011/10/22 v 0.96: framed or shaded text with page breaks
\OuterFrameSep=\skip67
\fb@frw=\dimen193
\fb@frh=\dimen194
\FrameRule=\dimen195
\FrameSep=\dimen196
)
Package hyperref Info: Option `breaklinks' set `true' on input line 17.

Package hyperref Warning: Option `bookmarks' has already been used,
(hyperref)                setting the option has no effect on input line 17.

(/Users/sauravsathnarayan/Library/TinyTeX/texmf-dist/tex/latex/pdfpages/pdfpages.sty
Package: pdfpages 2025/07/23 v0.6g Insert pages of external PDF documents (AM)
(/Users/sauravsathnarayan/Library/TinyTeX/texmf-dist/tex/latex/tools/calc.sty
Package: calc 2025/03/01 v4.3b Infix arithmetic (KKT,FJ)
\calc@Acount=\count340
\calc@Bcount=\count341
\calc@Adimen=\dimen197
\calc@Bdimen=\dimen198
\calc@Askip=\skip68
\calc@Bskip=\skip69
LaTeX Info: Redefining \setlength on input line 86.
LaTeX Info: Redefining \addtolength on input line 87.
\calc@Ccount=\count342
\calc@Cskip=\skip70
) (/Users/sauravsathnarayan/Library/TinyTeX/texmf-dist/tex/latex/eso-pic/eso-pic.sty
Package: eso-pic 2023/05/03 v3.0c eso-pic (RN)
\ESO@tempdima=\dimen199
\ESO@tempdimb=\dimen256
)
\AM@pagewidth=\dimen257
\AM@pageheight=\dimen258
\AM@fboxrule=\dimen259
(/Users/sauravsathnarayan/Library/TinyTeX/texmf-dist/tex/latex/pdfpages/pppdftex.def
File: pppdftex.def 2025/07/23 v0.6g Pdfpages driver for pdfTeX (AM)
)
\pdfpages@includegraphics@status=\count343
\AM@pagebox=\box109
\AM@global@opts=\toks33
\AM@pagecnt=\count344
\AM@toc@title=\toks34
\AM@lof@heading=\toks35
\c@AM@survey=\count345
\AM@templatesizebox=\box110
) (/Users/sauravsathnarayan/Library/TinyTeX/texmf-dist/tex/latex/booktabs/booktabs.sty
Package: booktabs 2020/01/12 v1.61803398 Publication quality tables
\heavyrulewidth=\dimen260
\lightrulewidth=\dimen261
\cmidrulewidth=\dimen262
\belowrulesep=\dimen263
\belowbottomsep=\dimen264
\aboverulesep=\dimen265
\abovetopsep=\dimen266
\cmidrulesep=\dimen267
\cmidrulekern=\dimen268
\defaultaddspace=\dimen269
\@cmidla=\count346
\@cmidlb=\count347
\@aboverulesep=\dimen270
\@belowrulesep=\dimen271
\@thisruleclass=\count348
\@lastruleclass=\count349
\@thisrulewidth=\dimen272
) (/Users/sauravsathnarayan/Library/TinyTeX/texmf-dist/tex/latex/tools/longtable.sty
Package: longtable 2024-12-18 v4.23 Multi-page Table package (DPC)
\LTleft=\skip71
\LTright=\skip72
\LTpre=\skip73
\LTpost=\skip74
\LTchunksize=\count350
\LTcapwidth=\dimen273
\LT@head=\box111
\LT@firsthead=\box112
\LT@foot=\box113
\LT@lastfoot=\box114
\LT@gbox=\box115
\LT@cols=\count351
\LT@rows=\count352
\c@LT@tables=\count353
\c@LT@chunks=\count354
\LT@p@ftn=\toks36
) (/Users/sauravsathnarayan/Library/TinyTeX/texmf-dist/tex/latex/multirow/multirow.sty
Package: multirow 2024/11/12 v2.9 Span multiple rows of a table
\multirow@colwidth=\skip75
\multirow@cntb=\count355
\multirow@dima=\skip76
\bigstrutjot=\dimen274
) (/Users/sauravsathnarayan/Library/TinyTeX/texmf-dist/tex/latex/wrapfig/wrapfig.sty
\wrapoverhang=\dimen275
\WF@size=\dimen276
\c@WF@wrappedlines=\count356
\WF@box=\box116
\WF@everypar=\toks37
Package: wrapfig 2003/01/31  v 3.6
) (/Users/sauravsathnarayan/Library/TinyTeX/texmf-dist/tex/latex/colortbl/colortbl.sty
Package: colortbl 2024/10/29 v1.0k Color table columns (DPC)
\everycr=\toks38
\minrowclearance=\skip77
\rownum=\count357
) (/Users/sauravsathnarayan/Library/TinyTeX/texmf-dist/tex/latex/pdflscape/pdflscape.sty
Package: pdflscape 2025-06-23 v0.14 Display of landscape pages in PDF
(/Users/sauravsathnarayan/Library/TinyTeX/texmf-dist/tex/latex/pdflscape/pdflscape-nometadata.sty
Package: pdflscape-nometadata 2025-06-23 v0.14 Display of landscape pages in PDF (HO)
(/Users/sauravsathnarayan/Library/TinyTeX/texmf-dist/tex/latex/graphics/lscape.sty
Package: lscape 2020/05/28 v3.02 Landscape Pages (DPC)
)
Package pdflscape Info: Auto-detected driver: pdftex on input line 81.
)) (/Users/sauravsathnarayan/Library/TinyTeX/texmf-dist/tex/latex/tabu/tabu.sty
Package: tabu 2019/01/11 v2.9 - flexible LaTeX tabulars (FC+tabu-fixed)
(/Users/sauravsathnarayan/Library/TinyTeX/texmf-dist/tex/latex/varwidth/varwidth.sty
Package: varwidth 2009/03/30 ver 0.92;  Variable-width minipages
\@vwid@box=\box117
\sift@deathcycles=\count358
\@vwid@loff=\dimen277
\@vwid@roff=\dimen278
)
==> First Aid for varwidth.sty applied!
\c@taburow=\count359
\tabu@nbcols=\count360
\tabu@cnt=\count361
\tabu@Xcol=\count362
\tabu@alloc=\count363
\tabu@nested=\count364
\tabu@target=\dimen279
\tabu@spreadtarget=\dimen280
\tabu@naturalX=\dimen281
\tabucolX=\dimen282
\tabu@Xsum=\dimen283
\extrarowdepth=\dimen284
\abovetabulinesep=\dimen285
\belowtabulinesep=\dimen286
\tabustrutrule=\dimen287
\tabu@thebody=\toks39
\tabu@footnotes=\toks40
\tabu@box=\box118
\tabu@arstrutbox=\box119
\tabu@hleads=\box120
\tabu@vleads=\box121
\tabu@cellskip=\skip78
) (/Users/sauravsathnarayan/Library/TinyTeX/texmf-dist/tex/latex/threeparttable/threeparttable.sty
Package: threeparttable 2003/06/13  v 3.0
\@tempboxb=\box122
) (/Users/sauravsathnarayan/Library/TinyTeX/texmf-dist/tex/latex/threeparttablex/threeparttablex.sty
Package: threeparttablex 2013/07/23 v0.3 by daleif
(/Users/sauravsathnarayan/Library/TinyTeX/texmf-dist/tex/latex/environ/environ.sty
Package: environ 2014/05/04 v0.3 A new way to define environments
(/Users/sauravsathnarayan/Library/TinyTeX/texmf-dist/tex/latex/trimspaces/trimspaces.sty
Package: trimspaces 2009/09/17 v1.1 Trim spaces around a token list
))
\TPTL@width=\skip79
) (/Users/sauravsathnarayan/Library/TinyTeX/texmf-dist/tex/generic/ulem/ulem.sty
\UL@box=\box123
\UL@hyphenbox=\box124
\UL@skip=\skip80
\UL@hook=\toks41
\UL@height=\dimen288
\UL@pe=\count365
\UL@pixel=\dimen289
\ULC@box=\box125
Package: ulem 2019/11/18
\ULdepth=\dimen290
) (/Users/sauravsathnarayan/Library/TinyTeX/texmf-dist/tex/latex/makecell/makecell.sty
Package: makecell 2009/08/03 V0.1e Managing of Tab Column Heads and Cells
\rotheadsize=\dimen291
\c@nlinenum=\count366
\TeXr@lab=\toks42
) (/Users/sauravsathnarayan/Library/TinyTeX/texmf-dist/tex/latex/l3backend/l3backend-pdftex.def
File: l3backend-pdftex.def 2025-06-09 L3 backend support: PDF output (pdfTeX)
\l__color_backend_stack_int=\count367
) (./skeleton-2.aux

LaTeX Warning: Label `tab:unnamed-chunk-4' multiply defined.

)
\openout1 = `skeleton-2.aux'.

LaTeX Font Info:    Checking defaults for OML/cmm/m/it on input line 123.
LaTeX Font Info:    ... okay on input line 123.
LaTeX Font Info:    Checking defaults for OMS/cmsy/m/n on input line 123.
LaTeX Font Info:    ... okay on input line 123.
LaTeX Font Info:    Checking defaults for OT1/cmr/m/n on input line 123.
LaTeX Font Info:    ... okay on input line 123.
LaTeX Font Info:    Checking defaults for T1/cmr/m/n on input line 123.
LaTeX Font Info:    ... okay on input line 123.
LaTeX Font Info:    Checking defaults for TS1/cmr/m/n on input line 123.
LaTeX Font Info:    ... okay on input line 123.
LaTeX Font Info:    Checking defaults for OMX/cmex/m/n on input line 123.
LaTeX Font Info:    ... okay on input line 123.
LaTeX Font Info:    Checking defaults for U/cmr/m/n on input line 123.
LaTeX Font Info:    ... okay on input line 123.
LaTeX Font Info:    Checking defaults for PD1/pdf/m/n on input line 123.
LaTeX Font Info:    ... okay on input line 123.
LaTeX Font Info:    Checking defaults for PU/pdf/m/n on input line 123.
LaTeX Font Info:    ... okay on input line 123.
(/Users/sauravsathnarayan/Library/TinyTeX/texmf-dist/tex/latex/epstopdf-pkg/epstopdf-base.sty
Package: epstopdf-base 2020-01-24 v2.11 Base part for package epstopdf
Package epstopdf-base Info: Redefining graphics rule for `.eps' on input line 485.
(/Users/sauravsathnarayan/Library/TinyTeX/texmf-dist/tex/latex/latexconfig/epstopdf-sys.cfg
File: epstopdf-sys.cfg 2010/07/13 v1.3 Configuration of (r)epstopdf for TeX Live
))
*geometry* driver: auto-detecting
*geometry* detected driver: pdftex
*geometry* verbose mode - [ preamble ] result:
* driver: pdftex
* paper: a4paper
* layout: <same size as paper>
* layoutoffset:(h,v)=(0.0pt,0.0pt)
* modes: 
* h-part:(L,W,R)=(72.26999pt, 452.9679pt, 72.26999pt)
* v-part:(T,H,B)=(72.26999pt, 700.50687pt, 72.26999pt)
* \paperwidth=597.50787pt
* \paperheight=845.04684pt
* \textwidth=452.9679pt
* \textheight=700.50687pt
* \oddsidemargin=0.0pt
* \evensidemargin=0.0pt
* \topmargin=-37.0pt
* \headheight=12.0pt
* \headsep=25.0pt
* \topskip=12.0pt
* \footskip=30.0pt
* \marginparwidth=35.0pt
* \marginparsep=10.0pt
* \columnsep=12.0pt
* \skip\footins=10.8pt plus 4.0pt minus 2.0pt
* \hoffset=0.0pt
* \voffset=0.0pt
* \mag=1000
* \@twocolumnfalse
* \@twosidefalse
* \@mparswitchfalse
* \@reversemarginfalse
* (1in=72.27pt=25.4mm, 1cm=28.453pt)

Package hyperref Info: Link coloring OFF on input line 123.
(./skeleton-2.out) (./skeleton-2.out)
\@outlinefile=\write5
\openout5 = `skeleton-2.out'.

\c@lstlisting=\count368

Overfull \hbox (5.12238pt too wide) in paragraph at lines 171--171
[]\OT1/cmr/m/n/10.95 This re-port ex-plores the re-la-tion-ship be-tween Ridge Lo-gis-tic Re-gres-sion and Bayesian
 []

<Department of Statistical Sciences - Plagiarism Declaration.pdf, id=58, 597.6729pt x 844.83629pt>
File: Department of Statistical Sciences - Plagiarism Declaration.pdf Graphic file (type pdf)
<use Department of Statistical Sciences - Plagiarism Declaration.pdf>
Package pdftex.def Info: Department of Statistical Sciences - Plagiarism Declaration.pdf  used on input line 174.
(pdftex.def)             Requested size: 597.67143pt x 844.83423pt.
<Department of Statistical Sciences - Plagiarism Declaration.pdf, id=60, page=1, 597.6729pt x 844.83629pt>
File: Department of Statistical Sciences - Plagiarism Declaration.pdf Graphic file (type pdf)
<use Department of Statistical Sciences - Plagiarism Declaration.pdf, page 1>
Package pdftex.def Info: Department of Statistical Sciences - Plagiarism Declaration.pdf , page1 used on input line 174.
(pdftex.def)             Requested size: 597.67143pt x 844.83423pt.
File: Department of Statistical Sciences - Plagiarism Declaration.pdf Graphic file (type pdf)
<use Department of Statistical Sciences - Plagiarism Declaration.pdf, page 1>
Package pdftex.def Info: Department of Statistical Sciences - Plagiarism Declaration.pdf , page1 used on input line 174.
(pdftex.def)             Requested size: 598.173pt x 845.54323pt.


[1


{/Users/sauravsathnarayan/Library/TinyTeX/texmf-var/fonts/map/pdftex/updmap/pdftex.map}]
File: Department of Statistical Sciences - Plagiarism Declaration.pdf Graphic file (type pdf)
<use Department of Statistical Sciences - Plagiarism Declaration.pdf, page 1>
Package pdftex.def Info: Department of Statistical Sciences - Plagiarism Declaration.pdf , page1 used on input line 174.
(pdftex.def)             Requested size: 598.173pt x 845.54323pt.
File: Department of Statistical Sciences - Plagiarism Declaration.pdf Graphic file (type pdf)
<use Department of Statistical Sciences - Plagiarism Declaration.pdf, page 1>
Package pdftex.def Info: Department of Statistical Sciences - Plagiarism Declaration.pdf , page1 used on input line 174.
(pdftex.def)             Requested size: 598.173pt x 845.54323pt.


File: Department of Statistical Sciences - Plagiarism Declaration.pdf Graphic file (type pdf)
<use Department of Statistical Sciences - Plagiarism Declaration.pdf, page 1>
Package pdftex.def Info: Department of Statistical Sciences - Plagiarism Declaration.pdf , page1 used on input line 174.
(pdftex.def)             Requested size: 598.173pt x 845.54323pt.
[2

 <./Department of Statistical Sciences - Plagiarism Declaration.pdf>] (./skeleton-2.toc
LaTeX Font Info:    Trying to load font information for U+msa on input line 2.
(/Users/sauravsathnarayan/Library/TinyTeX/texmf-dist/tex/latex/amsfonts/umsa.fd
File: umsa.fd 2013/01/14 v3.01 AMS symbols A
)
LaTeX Font Info:    Trying to load font information for U+msb on input line 2.
(/Users/sauravsathnarayan/Library/TinyTeX/texmf-dist/tex/latex/amsfonts/umsb.fd
File: umsb.fd 2013/01/14 v3.01 AMS symbols B
)
LaTeX Font Info:    Trying to load font information for U+lasy on input line 2.
(/Users/sauravsathnarayan/Library/TinyTeX/texmf-dist/tex/latex/base/ulasy.fd
File: ulasy.fd 1998/08/17 v2.2e LaTeX symbol font definitions
))
\tf@toc=\write6
\openout6 = `skeleton-2.toc'.



[3]

[4]

[5]
LaTeX Font Info:    Font shape `U/lasy/b/n' in size <8> not available
(Font)              Font shape `U/lasy/m/n' tried instead on input line 330.
LaTeX Font Info:    Font shape `U/lasy/b/n' in size <6> not available
(Font)              Font shape `U/lasy/m/n' tried instead on input line 330.


[6]

[7]

[8]
LaTeX Font Info:    Font shape `OT1/cmtt/bx/n' in size <12> not available
(Font)              Font shape `OT1/cmtt/m/n' tried instead on input line 462.
LaTeX Font Info:    Trying to load font information for OMS+cmtt on input line 462.
(/Library/Frameworks/R.framework/Resources/share/texmf/tex/latex/omscmtt.fd
File: omscmtt.fd 
)
LaTeX Font Info:    Font shape `OMS/cmtt/m/n' in size <12> not available
(Font)              Font shape `OMS/cmsy/m/n' tried instead on input line 462.
LaTeX Font Info:    Trying to load font information for OML+cmtt on input line 485.
LaTeX Font Info:    No file OMLcmtt.fd. on input line 485.

LaTeX Font Warning: Font shape `OML/cmtt/bx/n' undefined
(Font)              using `OML/cmm/m/it' instead
(Font)              for symbol `textless' on input line 485.


Underfull \hbox (badness 10000) in paragraph at lines 500--507

 []



[9]

[10]
<skeleton-2_files/figure-latex/unnamed-chunk-7-1.pdf, id=197, 469.755pt x 325.215pt>
File: skeleton-2_files/figure-latex/unnamed-chunk-7-1.pdf Graphic file (type pdf)
<use skeleton-2_files/figure-latex/unnamed-chunk-7-1.pdf>
Package pdftex.def Info: skeleton-2_files/figure-latex/unnamed-chunk-7-1.pdf  used on input line 616.
(pdftex.def)             Requested size: 452.9679pt x 313.59232pt.


[11]
<skeleton-2_files/figure-latex/unnamed-chunk-8-1.pdf, id=204, 469.755pt x 325.215pt>
File: skeleton-2_files/figure-latex/unnamed-chunk-8-1.pdf Graphic file (type pdf)
<use skeleton-2_files/figure-latex/unnamed-chunk-8-1.pdf>
Package pdftex.def Info: skeleton-2_files/figure-latex/unnamed-chunk-8-1.pdf  used on input line 622.
(pdftex.def)             Requested size: 452.9679pt x 313.59232pt.

Overfull \hbox (17.62482pt too wide) in paragraph at lines 622--623
[][] 
 []



[12 <./skeleton-2_files/figure-latex/unnamed-chunk-7-1.pdf> <./skeleton-2_files/figure-latex/unnamed-chunk-8-1.pdf>]

LaTeX Font Warning: Font shape `OML/cmtt/m/n' undefined
(Font)              using `OML/cmm/m/it' instead
(Font)              for symbol `textless' on input line 695.


Overfull \vbox (2.55223pt too high) detected at line 776
 []



[13]
Underfull \vbox (badness 10000) detected at line 776
 []


Underfull \vbox (badness 10000) detected at line 776
 []



[14]
Underfull \vbox (badness 10000) detected at line 776
 []


Underfull \vbox (badness 10000) detected at line 776
 []



[15]

[16] (./skeleton-2.aux)
 ***********
LaTeX2e <2025-06-01> patch level 1
L3 programming layer <2025-09-02>
 ***********

LaTeX Font Warning: Some font shapes were not available, defaults substituted.


LaTeX Warning: There were multiply-defined labels.

Package rerunfilecheck Info: File `skeleton-2.out' has not changed.
(rerunfilecheck)             Checksum: 37ADBACD2CE1DA06D8499CA96BB54145;2160.
 ) 
Here is how much of TeX's memory you used:
 15590 strings out of 469729
 245523 string characters out of 5475479
 681001 words of memory out of 5000000
 43715 multiletter control sequences out of 15000+600000
 638995 words of font info for 83 fonts, out of 8000000 for 9000
 14 hyphenation exceptions out of 8191
 75i,17n,79p,470b,580s stack positions out of 10000i,1000n,20000p,200000b,200000s
 </Users/sauravsathnarayan/Library/TinyTeX/texmf-var/fonts/pk/ljfour/jknappen/ec/tctt1200.600pk> </Users/sauravsathnarayan/Library/TinyTeX/texmf-var/fonts/pk/ljfour/jknappen/ec/tcrm1200.600pk></Users/sauravsathnarayan/Library/TinyTeX/texmf-dist/fonts/type1/public/amsfonts/cm/cmbx10.pfb></Users/sauravsathnarayan/Library/TinyTeX/texmf-dist/fonts/type1/public/amsfonts/cm/cmbx12.pfb></Users/sauravsathnarayan/Library/TinyTeX/texmf-dist/fonts/type1/public/amsfonts/cm/cmbx8.pfb></Users/sauravsathnarayan/Library/TinyTeX/texmf-dist/fonts/type1/public/amsfonts/cm/cmex10.pfb></Users/sauravsathnarayan/Library/TinyTeX/texmf-dist/fonts/type1/public/amsfonts/cm/cmitt10.pfb></Users/sauravsathnarayan/Library/TinyTeX/texmf-dist/fonts/type1/public/amsfonts/cm/cmmi12.pfb></Users/sauravsathnarayan/Library/TinyTeX/texmf-dist/fonts/type1/public/amsfonts/cm/cmmi6.pfb></Users/sauravsathnarayan/Library/TinyTeX/texmf-dist/fonts/type1/public/amsfonts/cm/cmmi8.pfb></Users/sauravsathnarayan/Library/TinyTeX/texmf-dist/fonts/type1/public/amsfonts/cm/cmmib10.pfb></Users/sauravsathnarayan/Library/TinyTeX/texmf-dist/fonts/type1/public/amsfonts/cmextra/cmmib8.pfb></Users/sauravsathnarayan/Library/TinyTeX/texmf-dist/fonts/type1/public/amsfonts/cm/cmr10.pfb></Users/sauravsathnarayan/Library/TinyTeX/texmf-dist/fonts/type1/public/amsfonts/cm/cmr12.pfb></Users/sauravsathnarayan/Library/TinyTeX/texmf-dist/fonts/type1/public/amsfonts/cm/cmr17.pfb></Users/sauravsathnarayan/Library/TinyTeX/texmf-dist/fonts/type1/public/amsfonts/cm/cmr6.pfb></Users/sauravsathnarayan/Library/TinyTeX/texmf-dist/fonts/type1/public/amsfonts/cm/cmr8.pfb></Users/sauravsathnarayan/Library/TinyTeX/texmf-dist/fonts/type1/public/amsfonts/cm/cmsy10.pfb></Users/sauravsathnarayan/Library/TinyTeX/texmf-dist/fonts/type1/public/amsfonts/cm/cmsy6.pfb></Users/sauravsathnarayan/Library/TinyTeX/texmf-dist/fonts/type1/public/amsfonts/cm/cmsy8.pfb></Users/sauravsathnarayan/Library/TinyTeX/texmf-dist/fonts/type1/public/amsfonts/cm/cmti12.pfb></Users/sauravsathnarayan/Library/TinyTeX/texmf-dist/fonts/type1/public/amsfonts/cm/cmtt12.pfb>
Output written on skeleton-2.pdf (16 pages, 442243 bytes).
PDF statistics:
 344 PDF objects out of 1000 (max. 8388607)
 261 compressed objects within 3 object streams
 38 named destinations out of 1000 (max. 500000)
 130 words of extra memory for PDF output out of 10000 (max. 10000000)

